{"/home/adri/projects/velo/el_velo/packages/common/src/index.ts": {"path":"/home/adri/projects/velo/el_velo/packages/common/src/index.ts","statementMap":{},"fnMap":{},"branchMap":{},"s":{},"f":{},"b":{},"meta":{"lastBranch":0,"lastFunction":0,"lastStatement":0,"seen":{}}}
,"/home/adri/projects/velo/el_velo/packages/common/src/types/codes.ts": {"path":"/home/adri/projects/velo/el_velo/packages/common/src/types/codes.ts","statementMap":{},"fnMap":{},"branchMap":{},"s":{},"f":{},"b":{},"meta":{"lastBranch":0,"lastFunction":0,"lastStatement":0,"seen":{}}}
,"/home/adri/projects/velo/el_velo/packages/common/src/types/index.ts": {"path":"/home/adri/projects/velo/el_velo/packages/common/src/types/index.ts","statementMap":{},"fnMap":{},"branchMap":{},"s":{},"f":{},"b":{},"meta":{"lastBranch":0,"lastFunction":0,"lastStatement":0,"seen":{}}}
,"/home/adri/projects/velo/el_velo/packages/common/src/types/result.ts": {"path":"/home/adri/projects/velo/el_velo/packages/common/src/types/result.ts","statementMap":{},"fnMap":{},"branchMap":{},"s":{},"f":{},"b":{},"meta":{"lastBranch":0,"lastFunction":0,"lastStatement":0,"seen":{}}}
,"/home/adri/projects/velo/el_velo/packages/common/src/types/veloError.ts": {"path":"/home/adri/projects/velo/el_velo/packages/common/src/types/veloError.ts","statementMap":{"0":{"start":{"line":14,"column":4},"end":{"line":14,"column":null}},"1":{"start":{"line":13,"column":21},"end":{"line":13,"column":33}}},"fnMap":{"0":{"name":"constructor","decl":{"start":{"line":13,"column":2},"end":{"line":13,"column":14}},"loc":{"start":{"line":13,"column":50},"end":{"line":15,"column":null}},"line":13}},"branchMap":{},"s":{"0":1,"1":1},"f":{"0":1},"b":{},"meta":{"lastBranch":0,"lastFunction":1,"lastStatement":2,"seen":{"f:13:2:13:14":0,"s:14:4:14:Infinity":0,"s:13:21:13:33":1}}}
,"/home/adri/projects/velo/el_velo/packages/common/src/utils/index.ts": {"path":"/home/adri/projects/velo/el_velo/packages/common/src/utils/index.ts","statementMap":{},"fnMap":{},"branchMap":{},"s":{},"f":{},"b":{},"meta":{"lastBranch":0,"lastFunction":0,"lastStatement":0,"seen":{}}}
,"/home/adri/projects/velo/el_velo/packages/common/src/utils/logger.ts": {"path":"/home/adri/projects/velo/el_velo/packages/common/src/utils/logger.ts","statementMap":{"0":{"start":{"line":15,"column":8},"end":{"line":24,"column":null}},"1":{"start":{"line":35,"column":8},"end":{"line":35,"column":null}},"2":{"start":{"line":45,"column":8},"end":{"line":45,"column":null}},"3":{"start":{"line":55,"column":8},"end":{"line":55,"column":null}},"4":{"start":{"line":65,"column":8},"end":{"line":65,"column":null}},"5":{"start":{"line":76,"column":8},"end":{"line":76,"column":null}},"6":{"start":{"line":87,"column":8},"end":{"line":87,"column":null}}},"fnMap":{"0":{"name":"constructor","decl":{"start":{"line":14,"column":4},"end":{"line":14,"column":18}},"loc":{"start":{"line":14,"column":18},"end":{"line":25,"column":null}},"line":14},"1":{"name":"writeLog","decl":{"start":{"line":34,"column":4},"end":{"line":34,"column":12}},"loc":{"start":{"line":34,"column":93},"end":{"line":36,"column":null}},"line":34},"2":{"name":"trace","decl":{"start":{"line":44,"column":4},"end":{"line":44,"column":10}},"loc":{"start":{"line":44,"column":66},"end":{"line":46,"column":null}},"line":44},"3":{"name":"debug","decl":{"start":{"line":54,"column":4},"end":{"line":54,"column":10}},"loc":{"start":{"line":54,"column":66},"end":{"line":56,"column":null}},"line":54},"4":{"name":"info","decl":{"start":{"line":64,"column":4},"end":{"line":64,"column":9}},"loc":{"start":{"line":64,"column":65},"end":{"line":66,"column":null}},"line":64},"5":{"name":"warn","decl":{"start":{"line":75,"column":4},"end":{"line":75,"column":9}},"loc":{"start":{"line":75,"column":77},"end":{"line":77,"column":null}},"line":75},"6":{"name":"error","decl":{"start":{"line":86,"column":4},"end":{"line":86,"column":10}},"loc":{"start":{"line":86,"column":76},"end":{"line":88,"column":null}},"line":86}},"branchMap":{"0":{"loc":{"start":{"line":16,"column":19},"end":{"line":16,"column":null}},"type":"binary-expr","locations":[{"start":{"line":16,"column":19},"end":{"line":16,"column":44}},{"start":{"line":16,"column":44},"end":{"line":16,"column":null}}],"line":16},"1":{"loc":{"start":{"line":87,"column":72},"end":{"line":87,"column":152}},"type":"cond-expr","locations":[{"start":{"line":87,"column":79},"end":{"line":87,"column":92}},{"start":{"line":87,"column":92},"end":{"line":87,"column":152}}],"line":87},"2":{"loc":{"start":{"line":87,"column":92},"end":{"line":87,"column":152}},"type":"cond-expr","locations":[{"start":{"line":87,"column":114},"end":{"line":87,"column":142}},{"start":{"line":87,"column":142},"end":{"line":87,"column":152}}],"line":87}},"s":{"0":9,"1":3,"2":1,"3":1,"4":1,"5":1,"6":3},"f":{"0":9,"1":3,"2":1,"3":1,"4":1,"5":1,"6":3},"b":{"0":[9,1],"1":[1,2],"2":[1,1]},"meta":{"lastBranch":3,"lastFunction":7,"lastStatement":7,"seen":{"f:14:4:14:18":0,"s:15:8:24:Infinity":0,"b:16:19:16:44:16:44:16:Infinity":0,"f:34:4:34:12":1,"s:35:8:35:Infinity":1,"f:44:4:44:10":2,"s:45:8:45:Infinity":2,"f:54:4:54:10":3,"s:55:8:55:Infinity":3,"f:64:4:64:9":4,"s:65:8:65:Infinity":4,"f:75:4:75:9":5,"s:76:8:76:Infinity":5,"f:86:4:86:10":6,"s:87:8:87:Infinity":6,"b:87:79:87:92:87:92:87:152":1,"b:87:114:87:142:87:142:87:152":2}}}
}
